<?xml version="1.0" encoding="UTF-8"?>
<!-- Generated by org.testng.reporters.JUnitReportReporter -->
<testsuite hostname="DESKTOP-RTK9L6H" failures="0" tests="2" name="testcase.TC_002_Login_Page" time="14.494" errors="0" timestamp="2025-08-12T10:53:19 GST" skipped="0">
  <testcase classname="testcase.TC_002_Login_Page" name="login" time="7.781"/>
  <testcase classname="testcase.TC_002_Login_Page" name="login" time="6.713"/>
</testsuite> <!-- testcase.TC_002_Login_Page -->
