<?xml version="1.0" encoding="UTF-8"?>
<!-- Generated by org.testng.reporters.JUnitReportReporter -->
<testsuite hostname="DESKTOP-RTK9L6H" failures="0" tests="2" name="testcase.TC_001_CreateLead" time="30.171" errors="0" timestamp="2025-08-12T10:53:19 GST" skipped="0">
  <testcase classname="testcase.TC_001_CreateLead" name="createLead" time="15.463"/>
  <testcase classname="testcase.TC_001_CreateLead" name="createLead" time="14.708"/>
</testsuite> <!-- testcase.TC_001_CreateLead -->
