<?xml version="1.0" encoding="UTF-8"?>
<!-- Generated by org.testng.reporters.JUnitReportReporter -->
<testsuite hostname="DESKTOP-RTK9L6H" failures="0" tests="1" name="testcase.TC_001_CreateLead" time="10.766" errors="0" timestamp="2025-08-11T10:22:41 GST" skipped="0">
  <testcase classname="testcase.TC_001_CreateLead" name="createLead" time="10.766"/>
</testsuite> <!-- testcase.TC_001_CreateLead -->
