<?xml version="1.0" encoding="UTF-8"?>
<!-- Generated by org.testng.reporters.JUnitReportReporter -->
<testsuite hostname="DESKTOP-RTK9L6H" failures="0" tests="2" name="testcase.TC_002_Logout_Page" time="38.489" errors="0" timestamp="2025-08-12T19:29:24 GST" skipped="0">
  <testcase classname="testcase.TC_002_Logout_Page" name="logout" time="19.818"/>
  <testcase classname="testcase.TC_002_Logout_Page" name="logout" time="18.671"/>
</testsuite> <!-- testcase.TC_002_Logout_Page -->
