<?xml version="1.0" encoding="UTF-8"?>
<!-- Generated by org.testng.reporters.JUnitReportReporter -->
<testsuite hostname="DESKTOP-RTK9L6H" failures="0" tests="2" name="testcase.TC_002_CreateAccounts" time="35.109" errors="0" timestamp="2025-08-12T19:29:24 GST" skipped="0">
  <testcase classname="testcase.TC_002_CreateAccounts" name="createAccount" time="16.955"/>
  <testcase classname="testcase.TC_002_CreateAccounts" name="createAccount" time="18.154"/>
</testsuite> <!-- testcase.TC_002_CreateAccounts -->
