<?xml version="1.0" encoding="UTF-8"?>
<!-- Generated by org.testng.reporters.JUnitReportReporter -->
<testsuite hostname="DESKTOP-RTK9L6H" failures="0" tests="3" name="Runner.SalesforceRunner" time="44.818" errors="0" timestamp="2025-08-06T21:31:52 GST" skipped="0">
  <testcase classname="Runner.SalesforceRunner" name="runScenario" time="3.581"/>
  <testcase classname="Runner.SalesforceRunner" name="runScenario" time="4.027"/>
  <testcase classname="Runner.SalesforceRunner" name="runScenario" time="37.210"/>
</testsuite> <!-- Runner.SalesforceRunner -->
