<?xml version="1.0" encoding="UTF-8"?>
<!-- Generated by org.testng.reporters.JUnitReportReporter -->
<testsuite hostname="DESKTOP-RTK9L6H" failures="0" tests="1" name="testcase.TC_002_CreateAccounts" time="14.041" errors="0" timestamp="2025-08-11T17:18:01 GST" skipped="0">
  <testcase classname="testcase.TC_002_CreateAccounts" name="createAccount" time="14.041"/>
</testsuite> <!-- testcase.TC_002_CreateAccounts -->
