<?xml version="1.0" encoding="UTF-8"?>
<!-- Generated by org.testng.reporters.JUnitReportReporter -->
<testsuite hostname="DESKTOP-RTK9L6H" failures="0" tests="1" name="testcase.TC_002_Login_Page" time="7.381" errors="0" timestamp="2025-08-11T17:12:52 GST" skipped="0">
  <testcase classname="testcase.TC_002_Login_Page" name="createAccount" time="7.381"/>
</testsuite> <!-- testcase.TC_002_Login_Page -->
