<?xml version="1.0" encoding="UTF-8"?>
<!-- Generated by org.testng.reporters.JUnitReportReporter -->
<testsuite hostname="DESKTOP-RTK9L6H" failures="0" tests="1" name="testcase.TC_001_CreateAccounts" time="12.892" errors="0" timestamp="2025-08-11T17:07:06 GST" skipped="0">
  <testcase classname="testcase.TC_001_CreateAccounts" name="createLead" time="12.892"/>
</testsuite> <!-- testcase.TC_001_CreateAccounts -->
