<?xml version="1.0" encoding="UTF-8"?>
<!-- Generated by org.testng.reporters.JUnitReportReporter -->
<testsuite hostname="DESKTOP-RTK9L6H" failures="0" tests="1" name="testcases.DeleteLead" time="49.612" errors="0" timestamp="2025-07-30T11:20:18 GST" skipped="0">
  <testcase classname="testcases.DeleteLead" name="deleteLead" time="49.612"/>
</testsuite> <!-- testcases.DeleteLead -->
