<?xml version="1.0" encoding="UTF-8"?>
<!-- Generated by org.testng.reporters.JUnitReportReporter -->
<testsuite hostname="DESKTOP-RTK9L6H" failures="0" tests="1" name="testcases.CreateLead" time="17.061" errors="0" timestamp="2025-07-30T11:21:40 GST" skipped="0">
  <testcase classname="testcases.CreateLead" name="createLead" time="17.061"/>
</testsuite> <!-- testcases.CreateLead -->
