<?xml version="1.0" encoding="UTF-8"?>
<!-- Generated by org.testng.reporters.JUnitReportReporter -->
<testsuite hostname="DESKTOP-RTK9L6H" failures="0" tests="1" name="testcases.EditLead" time="19.478" errors="0" timestamp="2025-07-30T11:21:40 GST" skipped="0">
  <testcase classname="testcases.EditLead" name="editLead" time="19.478"/>
</testsuite> <!-- testcases.EditLead -->
