<?xml version="1.0" encoding="UTF-8"?>
<!-- Generated by org.testng.reporters.JUnitReportReporter -->
<testsuite hostname="DESKTOP-RTK9L6H" failures="0" tests="1" name="testcases.DuplicateLead" time="22.170" errors="0" timestamp="2025-07-30T11:09:57 GST" skipped="0">
  <testcase classname="testcases.DuplicateLead" name="duplicateLead" time="22.170"/>
</testsuite> <!-- testcases.DuplicateLead -->
